================================================================
    ICCAD 2018 Contest on Obstacle-aware Bus Routing            
    Authors : Daeyeon Kim, Seungwon Kim                         
    Advisor : Seok-Hyeong Kang                                  
================================================================
Input     : ../bench/example_2.input
Output    : ../output/example_2.input
# threads : 1
Pin (27745 32295) (27815 32770)
Pin (112765 82660) (112835 82970)
Pin (28810 32295) (28880 32770)
Pin (112270 82660) (112340 82970)
Pin (29875 32295) (29945 32770)
Pin (111775 82660) (111845 82970)
Pin (30940 32295) (31010 32770)
Pin (111280 82660) (111350 82970)
Pin (32005 32295) (32075 32770)
Pin (110785 82660) (110855 82970)
Pin (33070 32295) (33140 32770)
Pin (110290 82660) (110360 82970)
Pin (34135 32295) (34205 32770)
Pin (109795 82660) (109865 82970)
Pin (35200 32295) (35270 32770)
Pin (109300 82660) (109370 82970)
Pin (36265 32295) (36335 32770)
Pin (108805 82660) (108875 82970)
Pin (37330 32295) (37400 32770)
Pin (108310 82660) (108380 82970)
Pin (38395 32295) (38465 32770)
Pin (107815 82660) (107885 82970)
Pin (39460 32295) (39530 32770)
Pin (107320 82660) (107390 82970)
Pin (40525 32295) (40595 32770)
Pin (106825 82660) (106895 82970)
Pin (41590 32295) (41660 32770)
Pin (106330 82660) (106400 82970)
Pin (42655 32295) (42725 32770)
Pin (105835 82660) (105905 82970)
Pin (43720 32295) (43790 32770)
Pin (105340 82660) (105410 82970)
Pin (62910 14795) (62980 15165)
Pin (24695 94355) (24765 94725)
Pin (12605 138940) (12675 139240)
Pin (62530 14795) (62600 15165)
Pin (25075 94355) (25145 94725)
Pin (12765 138940) (12835 139240)
Pin (62150 14795) (62220 15165)
Pin (25455 94355) (25525 94725)
Pin (12925 138940) (12995 139240)
Pin (61770 14795) (61840 15165)
Pin (25835 94355) (25905 94725)
Pin (13085 138940) (13155 139240)
Pin (61390 14795) (61460 15165)
Pin (26215 94355) (26285 94725)
Pin (13245 138940) (13315 139240)
Pin (61010 14795) (61080 15165)
Pin (26595 94355) (26665 94725)
Pin (13405 138940) (13475 139240)
Pin (60630 14795) (60700 15165)
Pin (26975 94355) (27045 94725)
Pin (13565 138940) (13635 139240)
Pin (60250 14795) (60320 15165)
Pin (27355 94355) (27425 94725)
Pin (13725 138940) (13795 139240)
Pin (59870 14795) (59940 15165)
Pin (27735 94355) (27805 94725)
Pin (13885 138940) (13955 139240)
Pin (59490 14795) (59560 15165)
Pin (28115 94355) (28185 94725)
Pin (14045 138940) (14115 139240)
Pin (59110 14795) (59180 15165)
Pin (28495 94355) (28565 94725)
Pin (14205 138940) (14275 139240)
Pin (58730 14795) (58800 15165)
Pin (28875 94355) (28945 94725)
Pin (14365 138940) (14435 139240)
Pin (58350 14795) (58420 15165)
Pin (29255 94355) (29325 94725)
Pin (14525 138940) (14595 139240)
Pin (57970 14795) (58040 15165)
Pin (29635 94355) (29705 94725)
Pin (14685 138940) (14755 139240)
Pin (57590 14795) (57660 15165)
Pin (30015 94355) (30085 94725)
Pin (14845 138940) (14915 139240)
Pin (57210 14795) (57280 15165)
Pin (30395 94355) (30465 94725)
Pin (15005 138940) (15075 139240)
Pin (60760 32295) (60830 32770)
Pin (100555 82660) (100680 83185)
Pin (26845 76750) (26915 77225)
Pin (40850 94450) (40945 94725)
Pin (59695 32295) (59765 32770)
Pin (99635 82660) (99760 83185)
Pin (27910 76750) (27980 77225)
Pin (41460 94450) (41555 94725)
Pin (58630 32295) (58700 32770)
Pin (98715 82660) (98840 83185)
Pin (28975 76750) (29045 77225)
Pin (42070 94450) (42165 94725)
Pin (57565 32295) (57635 32770)
Pin (97795 82660) (97920 83185)
Pin (30040 76750) (30110 77225)
Pin (42680 94450) (42775 94725)
Pin (56500 32295) (56570 32770)
Pin (96875 82660) (97000 83185)
Pin (31105 76750) (31175 77225)
Pin (43290 94450) (43385 94725)
Pin (55435 32295) (55505 32770)
Pin (95955 82660) (96080 83185)
Pin (32170 76750) (32240 77225)
Pin (43900 94450) (43995 94725)
Pin (54370 32295) (54440 32770)
Pin (95035 82660) (95160 83185)
Pin (33235 76750) (33305 77225)
Pin (44510 94450) (44605 94725)
Pin (53305 32295) (53375 32770)
Pin (94115 82660) (94240 83185)
Pin (34300 76750) (34370 77225)
Pin (45120 94450) (45215 94725)
Pin (52240 32295) (52310 32770)
Pin (93195 82660) (93320 83185)
Pin (35365 76750) (35435 77225)
Pin (45730 94450) (45825 94725)
Pin (51175 32295) (51245 32770)
Pin (92275 82660) (92400 83185)
Pin (36430 76750) (36500 77225)
Pin (46340 94450) (46435 94725)
Pin (50110 32295) (50180 32770)
Pin (91355 82660) (91480 83185)
Pin (37495 76750) (37565 77225)
Pin (46950 94450) (47045 94725)
Pin (49045 32295) (49115 32770)
Pin (90435 82660) (90560 83185)
Pin (38560 76750) (38630 77225)
Pin (47560 94450) (47655 94725)
Pin (47980 32295) (48050 32770)
Pin (89515 82660) (89640 83185)
Pin (39625 76750) (39695 77225)
Pin (48170 94450) (48265 94725)
Pin (46915 32295) (46985 32770)
Pin (88595 82660) (88720 83185)
Pin (40690 76750) (40760 77225)
Pin (48780 94450) (48875 94725)
Pin (45850 32295) (45920 32770)
Pin (87675 82660) (87800 83185)
Pin (41755 76750) (41825 77225)
Pin (49390 94450) (49485 94725)
Pin (44785 32295) (44855 32770)
Pin (86755 82660) (86880 83185)
Pin (42820 76750) (42890 77225)
Pin (50000 94450) (50095 94725)
Pin (116260 100160) (116330 100635)
Pin (149180 126845) (149480 126915)
Pin (115195 100160) (115265 100635)
Pin (149180 127005) (149480 127075)
Pin (114130 100160) (114200 100635)
Pin (149180 127165) (149480 127235)
Pin (113065 100160) (113135 100635)
Pin (149180 127325) (149480 127395)
Pin (112000 100160) (112070 100635)
Pin (149180 127485) (149480 127555)
Pin (110935 100160) (111005 100635)
Pin (149180 127645) (149480 127715)
Pin (109870 100160) (109940 100635)
Pin (149180 127805) (149480 127875)
Pin (108805 100160) (108875 100635)
Pin (149180 127965) (149480 128035)
Pin (107740 100160) (107810 100635)
Pin (149180 128125) (149480 128195)
Pin (106675 100160) (106745 100635)
Pin (149180 128285) (149480 128354)
Pin (105610 100160) (105680 100635)
Pin (149180 128445) (149480 128514)
Pin (104545 100160) (104615 100635)
Pin (149180 128604) (149480 128675)
Pin (103480 100160) (103550 100635)
Pin (149180 128764) (149480 128835)
Pin (102415 100160) (102485 100635)
Pin (149180 128925) (149480 128995)
Pin (101350 100160) (101420 100635)
Pin (149180 129085) (149480 129155)
Pin (100285 100160) (100355 100635)
Pin (149180 129245) (149480 129315)
Pin (99220 100160) (99290 100635)
Pin (149180 129405) (149480 129475)
Pin (98155 100160) (98225 100635)
Pin (149180 129565) (149480 129634)
Pin (97090 100160) (97160 100635)
Pin (149180 129725) (149480 129794)
Pin (96025 100160) (96095 100635)
Pin (149180 129884) (149480 129955)
Pin (94960 100160) (95030 100635)
Pin (149180 130044) (149480 130115)
Pin (93895 100160) (93965 100635)
Pin (149180 130205) (149480 130275)
Pin (92830 100160) (92900 100635)
Pin (149180 130365) (149480 130435)
Pin (91765 100160) (91835 100635)
Pin (149180 130525) (149480 130595)
Pin (90700 100160) (90770 100635)
Pin (149180 130685) (149480 130755)
Pin (89635 100160) (89705 100635)
Pin (149180 130845) (149480 130914)
Pin (88570 100160) (88640 100635)
Pin (149180 131005) (149480 131075)
Pin (87505 100160) (87575 100635)
Pin (149180 131165) (149480 131235)
Pin (86440 100160) (86510 100635)
Pin (149180 131325) (149480 131395)
Pin (85375 100160) (85445 100635)
Pin (149180 131485) (149480 131555)
Pin (84310 100160) (84380 100635)
Pin (149180 131645) (149480 131715)
Pin (83245 100160) (83315 100635)
Pin (149180 131805) (149480 131875)
Pin (27820 14795) (27915 15070)
Pin (59760 94450) (59855 94725)
Pin (10045 70) (10115 370)
Pin (28430 14795) (28525 15070)
Pin (59150 94450) (59245 94725)
Pin (10205 70) (10275 370)
Pin (29040 14795) (29135 15070)
Pin (58540 94450) (58635 94725)
Pin (10365 70) (10435 370)
Pin (29650 14795) (29745 15070)
Pin (57930 94450) (58025 94725)
Pin (10525 70) (10595 370)
Pin (30260 14795) (30355 15070)
Pin (57320 94450) (57415 94725)
Pin (10685 70) (10755 370)
Pin (30870 14795) (30965 15070)
Pin (56710 94450) (56805 94725)
Pin (10845 70) (10915 370)
Pin (31480 14795) (31575 15070)
Pin (56100 94450) (56195 94725)
Pin (11005 70) (11075 370)
Pin (32090 14795) (32185 15070)
Pin (55490 94450) (55585 94725)
Pin (11165 70) (11235 370)
Pin (32700 14795) (32795 15070)
Pin (54880 94450) (54975 94725)
Pin (11325 70) (11395 370)
Pin (33310 14795) (33405 15070)
Pin (54270 94450) (54365 94725)
Pin (11485 70) (11555 370)
Pin (33920 14795) (34015 15070)
Pin (53660 94450) (53755 94725)
Pin (11645 70) (11715 370)
Pin (34530 14795) (34625 15070)
Pin (53050 94450) (53145 94725)
Pin (11805 70) (11875 370)
Pin (35140 14795) (35235 15070)
Pin (52440 94450) (52535 94725)
Pin (11965 70) (12035 370)
Pin (35750 14795) (35845 15070)
Pin (51830 94450) (51925 94725)
Pin (12125 70) (12195 370)
Pin (36360 14795) (36455 15070)
Pin (51220 94450) (51315 94725)
Pin (12285 70) (12355 370)
Pin (36970 14795) (37065 15070)
Pin (50610 94450) (50705 94725)
Pin (12445 70) (12515 370)
Success parsing
Initialize
