================================================================
    ICCAD 2018 Contest on Obstacle-aware Bus Routing            
    Authors : Daeyeon Kim, Seungwon Kim                         
    Advisor : Seok-Hyeong Kang                                  
================================================================
Input     : ../bench/example_1.input
Output    : ../output/example_1.input
# threads : 1
Runtime : 1
Alpha : 5
Beta : 1
Gamma : 5
Delta : 8
Epsilon : 200
numBits : 3
numPinShape : 2
(0) Layer L1 vertical 20
(1) Layer L2 horizontal 30
(0) Track L1 (100 0) (100 1000) 10
(1) Track L1 (140 0) (140 1000) 10
(2) Track L1 (180 0) (180 1000) 10
(3) Track L1 (220 0) (220 1000) 10
(4) Track L1 (260 0) (260 1000) 10
(5) Track L1 (360 0) (360 1000) 5
(6) Track L1 (400 0) (400 1000) 5
(7) Track L1 (440 0) (440 1000) 5
(8) Track L1 (480 0) (480 1000) 5
(9) Track L1 (520 0) (520 1000) 5
(10) Track L1 (620 0) (620 1000) 10
(11) Track L1 (660 0) (660 1000) 10
(12) Track L1 (700 0) (700 1000) 10
(13) Track L1 (740 0) (740 1000) 10
(14) Track L1 (780 0) (780 1000) 10
(15) Track L1 (880 0) (880 1000) 5
(16) Track L1 (920 0) (920 1000) 5
(17) Track L1 (960 0) (960 1000) 5
(18) Track L2 (0 50) (1000 50) 10
(19) Track L2 (0 100) (1000 100) 10
(20) Track L2 (0 200) (1000 200) 10
(21) Track L2 (0 250) (1000 250) 10
(22) Track L2 (0 350) (1000 350) 10
(23) Track L2 (0 400) (1000 400) 10
(24) Track L2 (0 450) (1000 450) 10
(25) Track L2 (0 550) (1000 550) 10
(26) Track L2 (0 600) (1000 600) 10
(27) Track L2 (0 650) (1000 650) 10
(28) Track L2 (0 750) (1000 750) 10
(29) Track L2 (0 800) (1000 800) 10
(30) Track L2 (450 500) (1000 500) 10
(31) Track L2 (450 700) (1000 700) 10
(32) Track L2 (450 850) (1000 850) 10
(33) Track L2 (450 900) (1000 900) 10
(0) Bus B1 [# of bits 2147483647] [# of pin shapes 2147483647]
(0) Bit 0 [B1] # of Pins 0
(1) Bit 1 [B1] # of Pins 0
(2) Bit 2 [B1] # of Pins 0
(0) Pin 0 L2 (0 795) (20 805)
(1) Pin 0 L2 (980 595) (1000 605)
(2) Pin 1 L2 (0 745) (20 755)
(3) Pin 1 L2 (980 695) (1000 705)
(4) Pin 2 L2 (0 645) (20 655)
(5) Pin 2 L2 (980 745) (1000 755)
(0) Obstacle L1 (175 245) (185 255)
(1) Obstacle L1 (175 395) (185 405)
(2) Obstacle L1 (355 145) (365 155)
(3) Obstacle L1 (355 295) (365 305)
(4) Obstacle L1 (355 445) (365 455)
(5) Obstacle L1 (515 245) (515 255)
(6) Obstacle L1 (525 395) (525 405)
(7) Obstacle L1 (735 195) (925 505)
(8) Obstacle L2 (175 245) (185 255)
(9) Obstacle L2 (175 395) (185 405)
(10) Obstacle L2 (355 145) (365 155)
(11) Obstacle L2 (355 295) (365 305)
(12) Obstacle L2 (355 445) (365 455)
(13) Obstacle L2 (515 245) (515 255)
(14) Obstacle L2 (525 395) (525 405)
(15) Obstacle L2 (255 595) (450 900)
(16) Obstacle L2 (735 195) (925 505)
Success parsing
